<?xml version="1.0" encoding="utf-8"?><testsuites name="pytest tests"><testsuite name="pytest" errors="0" failures="0" skipped="0" tests="39" time="6.686" timestamp="2026-09-12T19:38:27.309671+02:00" hostname="APC"><testcase classname="tests.test_posts" name="test_get_post[1]" time="0.143" /><testcase classname="tests.test_posts" name="test_get_post[2]" time="0.137" /><testcase classname="tests.test_posts" name="test_get_post[3]" time="0.137" /><testcase classname="tests.test_posts" name="test_get_post[4]" time="0.120" /><testcase classname="tests.test_posts" name="test_get_post[5]" time="0.125" /><testcase classname="tests.test_posts" name="test_get_post[6]" time="0.125" /><testcase classname="tests.test_posts" name="test_get_post[7]" time="0.125" /><testcase classname="tests.test_posts" name="test_get_post[8]" time="0.119" /><testcase classname="tests.test_posts" name="test_get_post[9]" time="0.141" /><testcase classname="tests.test_posts" name="test_get_posts" time="0.194" /><testcase classname="tests.test_posts" name="test_post_post" time="0.264" /><testcase classname="tests.test_posts" name="test_put_post" time="0.262" /><testcase classname="tests.test_posts" name="test_delete_post" time="0.219" /><testcase classname="tests.test_posts" name="test_request_timeout" time="0.000" /><testcase classname="tests.test_users" name="test_user_schema_validation[1-200]" time="0.144" /><testcase classname="tests.test_users" name="test_user_schema_validation[2-200]" time="0.134" /><testcase classname="tests.test_users" name="test_user_schema_validation[3-200]" time="0.132" /><testcase classname="tests.test_users" name="test_user_schema_validation[4-200]" time="0.143" /><testcase classname="tests.test_users" name="test_user_schema_validation[5-200]" time="0.121" /><testcase classname="tests.test_users" name="test_user_schema_validation[6-200]" time="0.151" /><testcase classname="tests.test_users" name="test_user_schema_validation[7-200]" time="0.151" /><testcase classname="tests.test_users" name="test_user_schema_validation[8-200]" time="0.122" /><testcase classname="tests.test_users" name="test_user_schema_validation[9-200]" time="0.124" /><testcase classname="tests.test_users" name="test_user_schema_validation[10-200]" time="0.142" /><testcase classname="tests.test_users" name="test_user_negative_status[0-404]" time="0.137" /><testcase classname="tests.test_users" name="test_user_negative_status[99999-404]" time="0.150" /><testcase classname="tests.test_users" name="test_user_negative_status[a-404]" time="0.131" /><testcase classname="tests.test_users" name="test_user_negative_status[b-404]" time="0.120" /><testcase classname="tests.test_users" name="test_user_negative_status[abcd-404]" time="0.112" /><testcase classname="tests.test_users" name="test_get_all_users" time="0.163" /><testcase classname="tests.test_users" name="test_user_post[user.json]" time="0.273" /><testcase classname="tests.test_users" name="test_user_post[post_user.json]" time="0.267" /><testcase classname="tests.test_users" name="test_user_post[wrong_user.json]" time="0.261" /><testcase classname="tests.test_users" name="test_user_delete[1]" time="0.231" /><testcase classname="tests.test_users" name="test_user_delete[2]" time="0.222" /><testcase classname="tests.test_users" name="test_user_delete[3]" time="0.227" /><testcase classname="tests.test_users" name="test_user_delete[4]" time="0.220" /><testcase classname="tests.test_users" name="test_get_param_user[params0]" time="0.131" /><testcase classname="tests.test_users" name="test_put_user" time="0.478" /></testsuite></testsuites>